<?xml version="1.0" encoding="UTF-8"?>
<!-- Generated by org.testng.reporters.JUnitReportReporter -->
<testsuite skipped="12" hostname="86fcdd887893" name="com.newtours.test.BookFlightTest" tests="24" failures="0" timestamp="27 Feb 2023 11:47:27 GMT" time="26.048" errors="4">
  <testcase name="findFlightsPage" time="0.000" classname="com.newtours.test.BookFlightTest">
    <skipped/>
  </testcase> <!-- findFlightsPage -->
  <testcase name="registrationPageTest" time="5.012" classname="com.newtours.test.BookFlightTest"/>
  <testcase name="registrationConfirmationPageTest" time="0.284" classname="com.newtours.test.BookFlightTest"/>
  <testcase name="registrationConfirmationPageTest" time="0.290" classname="com.newtours.test.BookFlightTest"/>
  <testcase name="findFlightsPage" time="0.000" classname="com.newtours.test.BookFlightTest">
    <skipped/>
  </testcase> <!-- findFlightsPage -->
  <testcase name="flightItineraryPage" time="0.000" classname="com.newtours.test.BookFlightTest">
    <skipped/>
  </testcase> <!-- flightItineraryPage -->
  <testcase name="billingAddressPage" time="0.000" classname="com.newtours.test.BookFlightTest">
    <skipped/>
  </testcase> <!-- billingAddressPage -->
  <testcase name="flightDetailsPageTest" time="1.272" classname="com.newtours.test.BookFlightTest">
    <error type="java.lang.NullPointerException">
      <![CDATA[java.lang.NullPointerException
at org.openqa.selenium.support.ui.Quotes.escape(Quotes.java:42)
at org.openqa.selenium.support.ui.Select.selectByValue(Select.java:197)
at com.tours.pages.FlightDetailsPage.selectPassengers(FlightDetailsPage.java:32)
at com.newtours.test.BookFlightTest.flightDetailsPageTest(BookFlightTest.java:43)
at sun.reflect.NativeMethodAccessorImpl.invoke0(Native Method)
at sun.reflect.NativeMethodAccessorImpl.invoke(NativeMethodAccessorImpl.java:62)
at sun.reflect.DelegatingMethodAccessorImpl.invoke(DelegatingMethodAccessorImpl.java:43)
at java.lang.reflect.Method.invoke(Method.java:498)
at org.testng.internal.MethodInvocationHelper.invokeMethod(MethodInvocationHelper.java:124)
at org.testng.internal.Invoker.invokeMethod(Invoker.java:583)
at org.testng.internal.Invoker.invokeTestMethod(Invoker.java:719)
at org.testng.internal.Invoker.invokeTestMethods(Invoker.java:989)
at org.testng.internal.TestMethodWorker.invokeTestMethods(TestMethodWorker.java:125)
at org.testng.internal.TestMethodWorker.run(TestMethodWorker.java:109)
at org.testng.TestRunner.privateRun(TestRunner.java:648)
at org.testng.TestRunner.run(TestRunner.java:505)
at org.testng.SuiteRunner.runTest(SuiteRunner.java:455)
at org.testng.SuiteRunner.access$000(SuiteRunner.java:40)
at org.testng.SuiteRunner$SuiteWorker.run(SuiteRunner.java:489)
at org.testng.internal.thread.ThreadUtil$1.call(ThreadUtil.java:52)
at java.util.concurrent.FutureTask.run(FutureTask.java:266)
at java.util.concurrent.ThreadPoolExecutor.runWorker(ThreadPoolExecutor.java:1149)
at java.util.concurrent.ThreadPoolExecutor$Worker.run(ThreadPoolExecutor.java:624)
at java.lang.Thread.run(Thread.java:748)
]]>
    </error>
  </testcase> <!-- flightDetailsPageTest -->
  <testcase name="findFlightsPage" time="0.000" classname="com.newtours.test.BookFlightTest">
    <skipped/>
  </testcase> <!-- findFlightsPage -->
  <testcase name="flightItineraryPage" time="0.000" classname="com.newtours.test.BookFlightTest">
    <skipped/>
  </testcase> <!-- flightItineraryPage -->
  <testcase name="registrationConfirmationPageTest" time="0.286" classname="com.newtours.test.BookFlightTest"/>
  <testcase name="registrationPageTest" time="5.200" classname="com.newtours.test.BookFlightTest"/>
  <testcase name="registrationConfirmationPageTest" time="0.290" classname="com.newtours.test.BookFlightTest"/>
  <testcase name="flightDetailsPageTest" time="1.291" classname="com.newtours.test.BookFlightTest">
    <error type="java.lang.NullPointerException">
      <![CDATA[java.lang.NullPointerException
at org.openqa.selenium.support.ui.Quotes.escape(Quotes.java:42)
at org.openqa.selenium.support.ui.Select.selectByValue(Select.java:197)
at com.tours.pages.FlightDetailsPage.selectPassengers(FlightDetailsPage.java:32)
at com.newtours.test.BookFlightTest.flightDetailsPageTest(BookFlightTest.java:43)
at sun.reflect.NativeMethodAccessorImpl.invoke0(Native Method)
at sun.reflect.NativeMethodAccessorImpl.invoke(NativeMethodAccessorImpl.java:62)
at sun.reflect.DelegatingMethodAccessorImpl.invoke(DelegatingMethodAccessorImpl.java:43)
at java.lang.reflect.Method.invoke(Method.java:498)
at org.testng.internal.MethodInvocationHelper.invokeMethod(MethodInvocationHelper.java:124)
at org.testng.internal.Invoker.invokeMethod(Invoker.java:583)
at org.testng.internal.Invoker.invokeTestMethod(Invoker.java:719)
at org.testng.internal.Invoker.invokeTestMethods(Invoker.java:989)
at org.testng.internal.TestMethodWorker.invokeTestMethods(TestMethodWorker.java:125)
at org.testng.internal.TestMethodWorker.run(TestMethodWorker.java:109)
at org.testng.TestRunner.privateRun(TestRunner.java:648)
at org.testng.TestRunner.run(TestRunner.java:505)
at org.testng.SuiteRunner.runTest(SuiteRunner.java:455)
at org.testng.SuiteRunner.access$000(SuiteRunner.java:40)
at org.testng.SuiteRunner$SuiteWorker.run(SuiteRunner.java:489)
at org.testng.internal.thread.ThreadUtil$1.call(ThreadUtil.java:52)
at java.util.concurrent.FutureTask.run(FutureTask.java:266)
at java.util.concurrent.ThreadPoolExecutor.runWorker(ThreadPoolExecutor.java:1149)
at java.util.concurrent.ThreadPoolExecutor$Worker.run(ThreadPoolExecutor.java:624)
at java.lang.Thread.run(Thread.java:748)
]]>
    </error>
  </testcase> <!-- flightDetailsPageTest -->
  <testcase name="billingAddressPage" time="0.000" classname="com.newtours.test.BookFlightTest">
    <skipped/>
  </testcase> <!-- billingAddressPage -->
  <testcase name="billingAddressPage" time="0.000" classname="com.newtours.test.BookFlightTest">
    <skipped/>
  </testcase> <!-- billingAddressPage -->
  <testcase name="registrationPageTest" time="4.879" classname="com.newtours.test.BookFlightTest"/>
  <testcase name="flightItineraryPage" time="0.000" classname="com.newtours.test.BookFlightTest">
    <skipped/>
  </testcase> <!-- flightItineraryPage -->
  <testcase name="flightDetailsPageTest" time="1.274" classname="com.newtours.test.BookFlightTest">
    <error type="java.lang.NullPointerException">
      <![CDATA[java.lang.NullPointerException
at org.openqa.selenium.support.ui.Quotes.escape(Quotes.java:42)
at org.openqa.selenium.support.ui.Select.selectByValue(Select.java:197)
at com.tours.pages.FlightDetailsPage.selectPassengers(FlightDetailsPage.java:32)
at com.newtours.test.BookFlightTest.flightDetailsPageTest(BookFlightTest.java:43)
at sun.reflect.NativeMethodAccessorImpl.invoke0(Native Method)
at sun.reflect.NativeMethodAccessorImpl.invoke(NativeMethodAccessorImpl.java:62)
at sun.reflect.DelegatingMethodAccessorImpl.invoke(DelegatingMethodAccessorImpl.java:43)
at java.lang.reflect.Method.invoke(Method.java:498)
at org.testng.internal.MethodInvocationHelper.invokeMethod(MethodInvocationHelper.java:124)
at org.testng.internal.Invoker.invokeMethod(Invoker.java:583)
at org.testng.internal.Invoker.invokeTestMethod(Invoker.java:719)
at org.testng.internal.Invoker.invokeTestMethods(Invoker.java:989)
at org.testng.internal.TestMethodWorker.invokeTestMethods(TestMethodWorker.java:125)
at org.testng.internal.TestMethodWorker.run(TestMethodWorker.java:109)
at org.testng.TestRunner.privateRun(TestRunner.java:648)
at org.testng.TestRunner.run(TestRunner.java:505)
at org.testng.SuiteRunner.runTest(SuiteRunner.java:455)
at org.testng.SuiteRunner.access$000(SuiteRunner.java:40)
at org.testng.SuiteRunner$SuiteWorker.run(SuiteRunner.java:489)
at org.testng.internal.thread.ThreadUtil$1.call(ThreadUtil.java:52)
at java.util.concurrent.FutureTask.run(FutureTask.java:266)
at java.util.concurrent.ThreadPoolExecutor.runWorker(ThreadPoolExecutor.java:1149)
at java.util.concurrent.ThreadPoolExecutor$Worker.run(ThreadPoolExecutor.java:624)
at java.lang.Thread.run(Thread.java:748)
]]>
    </error>
  </testcase> <!-- flightDetailsPageTest -->
  <testcase name="flightDetailsPageTest" time="1.286" classname="com.newtours.test.BookFlightTest">
    <error type="java.lang.NullPointerException">
      <![CDATA[java.lang.NullPointerException
at org.openqa.selenium.support.ui.Quotes.escape(Quotes.java:42)
at org.openqa.selenium.support.ui.Select.selectByValue(Select.java:197)
at com.tours.pages.FlightDetailsPage.selectPassengers(FlightDetailsPage.java:32)
at com.newtours.test.BookFlightTest.flightDetailsPageTest(BookFlightTest.java:43)
at sun.reflect.NativeMethodAccessorImpl.invoke0(Native Method)
at sun.reflect.NativeMethodAccessorImpl.invoke(NativeMethodAccessorImpl.java:62)
at sun.reflect.DelegatingMethodAccessorImpl.invoke(DelegatingMethodAccessorImpl.java:43)
at java.lang.reflect.Method.invoke(Method.java:498)
at org.testng.internal.MethodInvocationHelper.invokeMethod(MethodInvocationHelper.java:124)
at org.testng.internal.Invoker.invokeMethod(Invoker.java:583)
at org.testng.internal.Invoker.invokeTestMethod(Invoker.java:719)
at org.testng.internal.Invoker.invokeTestMethods(Invoker.java:989)
at org.testng.internal.TestMethodWorker.invokeTestMethods(TestMethodWorker.java:125)
at org.testng.internal.TestMethodWorker.run(TestMethodWorker.java:109)
at org.testng.TestRunner.privateRun(TestRunner.java:648)
at org.testng.TestRunner.run(TestRunner.java:505)
at org.testng.SuiteRunner.runTest(SuiteRunner.java:455)
at org.testng.SuiteRunner.access$000(SuiteRunner.java:40)
at org.testng.SuiteRunner$SuiteWorker.run(SuiteRunner.java:489)
at org.testng.internal.thread.ThreadUtil$1.call(ThreadUtil.java:52)
at java.util.concurrent.FutureTask.run(FutureTask.java:266)
at java.util.concurrent.ThreadPoolExecutor.runWorker(ThreadPoolExecutor.java:1149)
at java.util.concurrent.ThreadPoolExecutor$Worker.run(ThreadPoolExecutor.java:624)
at java.lang.Thread.run(Thread.java:748)
]]>
    </error>
  </testcase> <!-- flightDetailsPageTest -->
  <testcase name="findFlightsPage" time="0.000" classname="com.newtours.test.BookFlightTest">
    <skipped/>
  </testcase> <!-- findFlightsPage -->
  <testcase name="billingAddressPage" time="0.000" classname="com.newtours.test.BookFlightTest">
    <skipped/>
  </testcase> <!-- billingAddressPage -->
  <testcase name="flightItineraryPage" time="0.000" classname="com.newtours.test.BookFlightTest">
    <skipped/>
  </testcase> <!-- flightItineraryPage -->
  <testcase name="registrationPageTest" time="4.684" classname="com.newtours.test.BookFlightTest"/>
</testsuite> <!-- com.newtours.test.BookFlightTest -->
